0 info it worked if it ends with ok
1 verbose cli [ 'c:\\Program Files\\nodejs\\node.exe',
1 verbose cli   'c:\\Program Files\\nodejs\\node_modules\\npm\\bin\\npm-cli.js',
1 verbose cli   'run',
1 verbose cli   'doco' ]
2 info using npm@2.14.7
3 info using node@v4.2.1
4 verbose run-script [ 'predoco', 'doco', 'postdoco' ]
5 info predoco kendo-webpack-systemjs@0.0.1
6 info doco kendo-webpack-systemjs@0.0.1
7 verbose unsafe-perm in lifecycle true
8 info kendo-webpack-systemjs@0.0.1 Failed to exec doco script
9 verbose stack Error: kendo-webpack-systemjs@0.0.1 doco: `esdoc -c esdoc.json && gulp openDoco`
9 verbose stack Exit status 1
9 verbose stack     at EventEmitter.<anonymous> (c:\Program Files\nodejs\node_modules\npm\lib\utils\lifecycle.js:214:16)
9 verbose stack     at emitTwo (events.js:87:13)
9 verbose stack     at EventEmitter.emit (events.js:172:7)
9 verbose stack     at ChildProcess.<anonymous> (c:\Program Files\nodejs\node_modules\npm\lib\utils\spawn.js:24:14)
9 verbose stack     at emitTwo (events.js:87:13)
9 verbose stack     at ChildProcess.emit (events.js:172:7)
9 verbose stack     at maybeClose (internal/child_process.js:818:16)
9 verbose stack     at Process.ChildProcess._handle.onexit (internal/child_process.js:211:5)
10 verbose pkgid kendo-webpack-systemjs@0.0.1
11 verbose cwd C:\Users\mmsb\Documents\AptanaStudio3Workspace2\kendo-webpack-systemjs
12 error Windows_NT 6.1.7601
13 error argv "c:\\Program Files\\nodejs\\node.exe" "c:\\Program Files\\nodejs\\node_modules\\npm\\bin\\npm-cli.js" "run" "doco"
14 error node v4.2.1
15 error npm  v2.14.7
16 error code ELIFECYCLE
17 error kendo-webpack-systemjs@0.0.1 doco: `esdoc -c esdoc.json && gulp openDoco`
17 error Exit status 1
18 error Failed at the kendo-webpack-systemjs@0.0.1 doco script 'esdoc -c esdoc.json && gulp openDoco'.
18 error This is most likely a problem with the kendo-webpack-systemjs package,
18 error not with npm itself.
18 error Tell the author that this fails on your system:
18 error     esdoc -c esdoc.json && gulp openDoco
18 error You can get their info via:
18 error     npm owner ls kendo-webpack-systemjs
18 error There is likely additional logging output above.
19 verbose exit [ 1, true ]
